<?xml version="1.0" encoding="UTF-8"?>
<!-- Generated by org.testng.reporters.JUnitXMLReporter -->
<testsuite hostname="DESKTOP-8U6AT07" name="Default test" tests="2" failures="0" timestamp="28 Jan 2019 01:25:34 GMT" time="19.285" errors="0">
  <testcase name="testClickLoginZaposleni" time="4.423" classname="com.example.demo.selenium.LoginZaposleniTest"/>
  <testcase name="testClickOdjavaZaposleni" time="4.597" classname="com.example.demo.selenium.LoginZaposleniTest"/>
</testsuite> <!-- Default test -->
