<?xml version="1.0" encoding="UTF-8"?>
<!-- Generated by org.testng.reporters.JUnitXMLReporter -->
<testsuite hostname="GIGABYTE" name="Default test" tests="5" failures="0" timestamp="27 Jan 2019 20:49:02 GMT" time="46.336" errors="0">
  <testcase name="testClickLogin" time="4.702" classname="com.example.demo.selenium.HomePageTest"/>
  <testcase name="testClickLoginBadMail" time="4.677" classname="com.example.demo.selenium.HomePageTest"/>
  <testcase name="testClickLoginBadMailFormat" time="4.718" classname="com.example.demo.selenium.HomePageTest"/>
  <testcase name="testClickLoginBadPassWord" time="4.675" classname="com.example.demo.selenium.HomePageTest"/>
  <testcase name="testClickLoginNoMail" time="4.598" classname="com.example.demo.selenium.HomePageTest"/>
</testsuite> <!-- Default test -->
