# JRE version: Java(TM) SE Runtime Environment (8.0_111-b14) (build 1.8.0_111-b14)
# Java VM: Java HotSpot(TM) 64-Bit Server VM (25.111-b14 mixed mode windows-amd64 compressed oops)
Heap:
 PSYoungGen      total 356864K, used 56610K [0x000000076c600000, 0x0000000788880000, 0x00000007c0000000)
  eden space 331776K, 9% used [0x000000076c600000,0x000000076e4ca238,0x0000000780a00000)
  from space 25088K, 99% used [0x0000000780a00000,0x000000078227e968,0x0000000782280000)
  to   space 29696K, 0% used [0x0000000786b80000,0x0000000786b80000,0x0000000788880000)
 ParOldGen       total 219648K, used 31541K [0x00000006c5200000, 0x00000006d2880000, 0x000000076c600000)
  object space 219648K, 14% used [0x00000006c5200000,0x00000006c70cd650,0x00000006d2880000)
 Metaspace       used 66900K, capacity 69898K, committed 70104K, reserved 1110016K
  class space    used 9144K, capacity 9657K, committed 9728K, reserved 1048576K
GC Heap History (10 events):
Event: 7.427 GC heap before
{Heap before GC invocations=12 (full 3):
 PSYoungGen      total 241152K, used 16812K [0x000000076c600000, 0x0000000780880000, 0x00000007c0000000)
  eden space 221184K, 0% used [0x000000076c600000,0x000000076c600000,0x0000000779e00000)
  from space 19968K, 84% used [0x0000000779e00000,0x000000077ae6b1a8,0x000000077b180000)
  to   space 21504K, 0% used [0x000000077f380000,0x000000077f380000,0x0000000780880000)
 ParOldGen       total 155648K, used 26977K [0x00000006c5200000, 0x00000006cea00000, 0x000000076c600000)
  object space 155648K, 17% used [0x00000006c5200000,0x00000006c6c58408,0x00000006cea00000)
 Metaspace       used 56622K, capacity 58866K, committed 58968K, reserved 1099776K
  class space    used 7841K, capacity 8241K, committed 8320K, reserved 1048576K
Event: 7.571 GC heap after
Heap after GC invocations=12 (full 3):
 PSYoungGen      total 241152K, used 0K [0x000000076c600000, 0x0000000780880000, 0x00000007c0000000)
  eden space 221184K, 0% used [0x000000076c600000,0x000000076c600000,0x0000000779e00000)
  from space 19968K, 0% used [0x0000000779e00000,0x0000000779e00000,0x000000077b180000)
  to   space 21504K, 0% used [0x000000077f380000,0x000000077f380000,0x0000000780880000)
 ParOldGen       total 219648K, used 28380K [0x00000006c5200000, 0x00000006d2880000, 0x000000076c600000)
  object space 219648K, 12% used [0x00000006c5200000,0x00000006c6db7248,0x00000006d2880000)
 Metaspace       used 56622K, capacity 58866K, committed 58968K, reserved 1099776K
  class space    used 7841K, capacity 8241K, committed 8320K, reserved 1048576K
}
Event: 9.131 GC heap before
{Heap before GC invocations=13 (full 3):
 PSYoungGen      total 241152K, used 221184K [0x000000076c600000, 0x0000000780880000, 0x00000007c0000000)
  eden space 221184K, 100% used [0x000000076c600000,0x0000000779e00000,0x0000000779e00000)
  from space 19968K, 0% used [0x0000000779e00000,0x0000000779e00000,0x000000077b180000)
  to   space 21504K, 0% used [0x000000077f380000,0x000000077f380000,0x0000000780880000)
 ParOldGen       total 219648K, used 28380K [0x00000006c5200000, 0x00000006d2880000, 0x000000076c600000)
  object space 219648K, 12% used [0x00000006c5200000,0x00000006c6db7248,0x00000006d2880000)
 Metaspace       used 62189K, capacity 64900K, committed 65112K, reserved 1105920K
  class space    used 8608K, capacity 9070K, committed 9088K, reserved 1048576K
Event: 9.145 GC heap after
Heap after GC invocations=13 (full 3):
 PSYoungGen      total 287232K, used 13103K [0x000000076c600000, 0x0000000780080000, 0x00000007c0000000)
  eden space 273920K, 0% used [0x000000076c600000,0x000000076c600000,0x000000077d180000)
  from space 13312K, 98% used [0x000000077f380000,0x000000078004bfc0,0x0000000780080000)
  to   space 20992K, 0% used [0x000000077d780000,0x000000077d780000,0x000000077ec00000)
 ParOldGen       total 219648K, used 28388K [0x00000006c5200000, 0x00000006d2880000, 0x000000076c600000)
  object space 219648K, 12% used [0x00000006c5200000,0x00000006c6db9248,0x00000006d2880000)
 Metaspace       used 62189K, capacity 64900K, committed 65112K, reserved 1105920K
  class space    used 8608K, capacity 9070K, committed 9088K, reserved 1048576K
}
Event: 11.808 GC heap before
{Heap before GC invocations=14 (full 3):
 PSYoungGen      total 287232K, used 287023K [0x000000076c600000, 0x0000000780080000, 0x00000007c0000000)
  eden space 273920K, 100% used [0x000000076c600000,0x000000077d180000,0x000000077d180000)
  from space 13312K, 98% used [0x000000077f380000,0x000000078004bfc0,0x0000000780080000)
  to   space 20992K, 0% used [0x000000077d780000,0x000000077d780000,0x000000077ec00000)
 ParOldGen       total 219648K, used 28388K [0x00000006c5200000, 0x00000006d2880000, 0x000000076c600000)
  object space 219648K, 12% used [0x00000006c5200000,0x00000006c6db9248,0x00000006d2880000)
 Metaspace       used 63819K, capacity 66666K, committed 66904K, reserved 1107968K
  class space    used 8763K, capacity 9233K, committed 9344K, reserved 1048576K
Event: 11.830 GC heap after
Heap after GC invocations=14 (full 3):
 PSYoungGen      total 301056K, used 18869K [0x000000076c600000, 0x0000000783900000, 0x00000007c0000000)
  eden space 280064K, 0% used [0x000000076c600000,0x000000076c600000,0x000000077d780000)
  from space 20992K, 89% used [0x000000077d780000,0x000000077e9ed618,0x000000077ec00000)
  to   space 23040K, 0% used [0x0000000782280000,0x0000000782280000,0x0000000783900000)
 ParOldGen       total 219648K, used 28396K [0x00000006c5200000, 0x00000006d2880000, 0x000000076c600000)
  object space 219648K, 12% used [0x00000006c5200000,0x00000006c6dbb248,0x00000006d2880000)
 Metaspace       used 63819K, capacity 66666K, committed 66904K, reserved 1107968K
  class space    used 8763K, capacity 9233K, committed 9344K, reserved 1048576K
}
Event: 13.430 GC heap before
{Heap before GC invocations=15 (full 3):
 PSYoungGen      total 301056K, used 298933K [0x000000076c600000, 0x0000000783900000, 0x00000007c0000000)
  eden space 280064K, 100% used [0x000000076c600000,0x000000077d780000,0x000000077d780000)
  from space 20992K, 89% used [0x000000077d780000,0x000000077e9ed618,0x000000077ec00000)
  to   space 23040K, 0% used [0x0000000782280000,0x0000000782280000,0x0000000783900000)
 ParOldGen       total 219648K, used 28396K [0x00000006c5200000, 0x00000006d2880000, 0x000000076c600000)
  object space 219648K, 12% used [0x00000006c5200000,0x00000006c6dbb248,0x00000006d2880000)
 Metaspace       used 64114K, capacity 66994K, committed 67160K, reserved 1107968K
  class space    used 8768K, capacity 9241K, committed 9344K, reserved 1048576K
Event: 13.456 GC heap after
Heap after GC invocations=15 (full 3):
 PSYoungGen      total 354816K, used 21157K [0x000000076c600000, 0x0000000784580000, 0x00000007c0000000)
  eden space 331776K, 0% used [0x000000076c600000,0x000000076c600000,0x0000000780a00000)
  from space 23040K, 91% used [0x0000000782280000,0x0000000783729638,0x0000000783900000)
  to   space 25088K, 0% used [0x0000000780a00000,0x0000000780a00000,0x0000000782280000)
 ParOldGen       total 219648K, used 28404K [0x00000006c5200000, 0x00000006d2880000, 0x000000076c600000)
  object space 219648K, 12% used [0x00000006c5200000,0x00000006c6dbd248,0x00000006d2880000)
 Metaspace       used 64114K, capacity 66994K, committed 67160K, reserved 1107968K
  class space    used 8768K, capacity 9241K, committed 9344K, reserved 1048576K
}
Event: 15.898 GC heap before
{Heap before GC invocations=16 (full 3):
 PSYoungGen      total 354816K, used 352933K [0x000000076c600000, 0x0000000784580000, 0x00000007c0000000)
  eden space 331776K, 100% used [0x000000076c600000,0x0000000780a00000,0x0000000780a00000)
  from space 23040K, 91% used [0x0000000782280000,0x0000000783729638,0x0000000783900000)
  to   space 25088K, 0% used [0x0000000780a00000,0x0000000780a00000,0x0000000782280000)
 ParOldGen       total 219648K, used 28404K [0x00000006c5200000, 0x00000006d2880000, 0x000000076c600000)
  object space 219648K, 12% used [0x00000006c5200000,0x00000006c6dbd248,0x00000006d2880000)
 Metaspace       used 66894K, capacity 69892K, committed 70104K, reserved 1110016K
  class space    used 9143K, capacity 9656K, committed 9728K, reserved 1048576K
Event: 15.923 GC heap after
Heap after GC invocations=16 (full 3):
 PSYoungGen      total 356864K, used 25082K [0x000000076c600000, 0x0000000788880000, 0x00000007c0000000)
  eden space 331776K, 0% used [0x000000076c600000,0x000000076c600000,0x0000000780a00000)
  from space 25088K, 99% used [0x0000000780a00000,0x000000078227e968,0x0000000782280000)
  to   space 29696K, 0% used [0x0000000786b80000,0x0000000786b80000,0x0000000788880000)
 ParOldGen       total 219648K, used 31541K [0x00000006c5200000, 0x00000006d2880000, 0x000000076c600000)
  object space 219648K, 14% used [0x00000006c5200000,0x00000006c70cd650,0x00000006d2880000)
 Metaspace       used 66894K, capacity 69892K, committed 70104K, reserved 1110016K
  class space    used 9143K, capacity 9656K, committed 9728K, reserved 1048576K
}

