# JRE version: Java(TM) SE Runtime Environment (8.0_111-b14) (build 1.8.0_111-b14)
# Java VM: Java HotSpot(TM) 64-Bit Server VM (25.111-b14 mixed mode windows-amd64 compressed oops)
Heap:
 PSYoungGen      total 135680K, used 40163K [0x000000076c600000, 0x0000000777e80000, 0x00000007c0000000)
  eden space 124928K, 24% used [0x000000076c600000,0x000000076e3a4048,0x0000000774000000)
  from space 10752K, 91% used [0x0000000774000000,0x0000000774994db8,0x0000000774a80000)
  to   space 11264K, 0% used [0x0000000777380000,0x0000000777380000,0x0000000777e80000)
 ParOldGen       total 95744K, used 15596K [0x00000006c5200000, 0x00000006caf80000, 0x000000076c600000)
  object space 95744K, 16% used [0x00000006c5200000,0x00000006c613b160,0x00000006caf80000)
 Metaspace       used 39611K, capacity 41232K, committed 41560K, reserved 1085440K
  class space    used 5415K, capacity 5704K, committed 5760K, reserved 1048576K
GC Heap History (10 events):
Event: 1.833 GC heap before
{Heap before GC invocations=5 (full 1):
 PSYoungGen      total 75264K, used 64501K [0x000000076c600000, 0x0000000775900000, 0x00000007c0000000)
  eden space 64512K, 99% used [0x000000076c600000,0x00000007704fd528,0x0000000770500000)
  from space 10752K, 0% used [0x0000000770500000,0x0000000770500000,0x0000000770f80000)
  to   space 10752K, 0% used [0x0000000774e80000,0x0000000774e80000,0x0000000775900000)
 ParOldGen       total 95744K, used 6338K [0x00000006c5200000, 0x00000006caf80000, 0x000000076c600000)
  object space 95744K, 6% used [0x00000006c5200000,0x00000006c5830818,0x00000006caf80000)
 Metaspace       used 25030K, capacity 25682K, committed 25984K, reserved 1071104K
  class space    used 3235K, capacity 3393K, committed 3456K, reserved 1048576K
Event: 1.841 GC heap after
Heap after GC invocations=5 (full 1):
 PSYoungGen      total 111104K, used 6369K [0x000000076c600000, 0x0000000775500000, 0x00000007c0000000)
  eden space 104448K, 0% used [0x000000076c600000,0x000000076c600000,0x0000000772c00000)
  from space 6656K, 95% used [0x0000000774e80000,0x00000007754b8580,0x0000000775500000)
  to   space 10752K, 0% used [0x0000000774000000,0x0000000774000000,0x0000000774a80000)
 ParOldGen       total 95744K, used 6346K [0x00000006c5200000, 0x00000006caf80000, 0x000000076c600000)
  object space 95744K, 6% used [0x00000006c5200000,0x00000006c5832818,0x00000006caf80000)
 Metaspace       used 25030K, capacity 25682K, committed 25984K, reserved 1071104K
  class space    used 3235K, capacity 3393K, committed 3456K, reserved 1048576K
}
Event: 2.701 GC heap before
{Heap before GC invocations=6 (full 1):
 PSYoungGen      total 111104K, used 110817K [0x000000076c600000, 0x0000000775500000, 0x00000007c0000000)
  eden space 104448K, 100% used [0x000000076c600000,0x0000000772c00000,0x0000000772c00000)
  from space 6656K, 95% used [0x0000000774e80000,0x00000007754b8580,0x0000000775500000)
  to   space 10752K, 0% used [0x0000000774000000,0x0000000774000000,0x0000000774a80000)
 ParOldGen       total 95744K, used 6346K [0x00000006c5200000, 0x00000006caf80000, 0x000000076c600000)
  object space 95744K, 6% used [0x00000006c5200000,0x00000006c5832818,0x00000006caf80000)
 Metaspace       used 30272K, capacity 31412K, committed 31616K, reserved 1077248K
  class space    used 3929K, capacity 4190K, committed 4224K, reserved 1048576K
Event: 2.713 GC heap after
Heap after GC invocations=6 (full 1):
 PSYoungGen      total 135680K, used 9871K [0x000000076c600000, 0x0000000777e80000, 0x00000007c0000000)
  eden space 124928K, 0% used [0x000000076c600000,0x000000076c600000,0x0000000774000000)
  from space 10752K, 91% used [0x0000000774000000,0x00000007749a3d58,0x0000000774a80000)
  to   space 11264K, 0% used [0x0000000777380000,0x0000000777380000,0x0000000777e80000)
 ParOldGen       total 95744K, used 6354K [0x00000006c5200000, 0x00000006caf80000, 0x000000076c600000)
  object space 95744K, 6% used [0x00000006c5200000,0x00000006c5834818,0x00000006caf80000)
 Metaspace       used 30272K, capacity 31412K, committed 31616K, reserved 1077248K
  class space    used 3929K, capacity 4190K, committed 4224K, reserved 1048576K
}
Event: 3.181 GC heap before
{Heap before GC invocations=7 (full 1):
 PSYoungGen      total 135680K, used 52589K [0x000000076c600000, 0x0000000777e80000, 0x00000007c0000000)
  eden space 124928K, 34% used [0x000000076c600000,0x000000076efb7a60,0x0000000774000000)
  from space 10752K, 91% used [0x0000000774000000,0x00000007749a3d58,0x0000000774a80000)
  to   space 11264K, 0% used [0x0000000777380000,0x0000000777380000,0x0000000777e80000)
 ParOldGen       total 95744K, used 6354K [0x00000006c5200000, 0x00000006caf80000, 0x000000076c600000)
  object space 95744K, 6% used [0x00000006c5200000,0x00000006c5834818,0x00000006caf80000)
 Metaspace       used 34167K, capacity 35322K, committed 35416K, reserved 1079296K
  class space    used 4705K, capacity 4953K, committed 4992K, reserved 1048576K
Event: 3.190 GC heap after
Heap after GC invocations=7 (full 1):
 PSYoungGen      total 136192K, used 11031K [0x000000076c600000, 0x0000000777e80000, 0x00000007c0000000)
  eden space 124928K, 0% used [0x000000076c600000,0x000000076c600000,0x0000000774000000)
  from space 11264K, 97% used [0x0000000777380000,0x0000000777e45f50,0x0000000777e80000)
  to   space 10752K, 0% used [0x0000000774000000,0x0000000774000000,0x0000000774a80000)
 ParOldGen       total 95744K, used 6426K [0x00000006c5200000, 0x00000006caf80000, 0x000000076c600000)
  object space 95744K, 6% used [0x00000006c5200000,0x00000006c5846828,0x00000006caf80000)
 Metaspace       used 34167K, capacity 35322K, committed 35416K, reserved 1079296K
  class space    used 4705K, capacity 4953K, committed 4992K, reserved 1048576K
}
Event: 3.190 GC heap before
{Heap before GC invocations=8 (full 2):
 PSYoungGen      total 136192K, used 11031K [0x000000076c600000, 0x0000000777e80000, 0x00000007c0000000)
  eden space 124928K, 0% used [0x000000076c600000,0x000000076c600000,0x0000000774000000)
  from space 11264K, 97% used [0x0000000777380000,0x0000000777e45f50,0x0000000777e80000)
  to   space 10752K, 0% used [0x0000000774000000,0x0000000774000000,0x0000000774a80000)
 ParOldGen       total 95744K, used 6426K [0x00000006c5200000, 0x00000006caf80000, 0x000000076c600000)
  object space 95744K, 6% used [0x00000006c5200000,0x00000006c5846828,0x00000006caf80000)
 Metaspace       used 34167K, capacity 35322K, committed 35416K, reserved 1079296K
  class space    used 4705K, capacity 4953K, committed 4992K, reserved 1048576K
Event: 3.229 GC heap after
Heap after GC invocations=8 (full 2):
 PSYoungGen      total 136192K, used 0K [0x000000076c600000, 0x0000000777e80000, 0x00000007c0000000)
  eden space 124928K, 0% used [0x000000076c600000,0x000000076c600000,0x0000000774000000)
  from space 11264K, 0% used [0x0000000777380000,0x0000000777380000,0x0000000777e80000)
  to   space 10752K, 0% used [0x0000000774000000,0x0000000774000000,0x0000000774a80000)
 ParOldGen       total 95744K, used 15588K [0x00000006c5200000, 0x00000006caf80000, 0x000000076c600000)
  object space 95744K, 16% used [0x00000006c5200000,0x00000006c6139160,0x00000006caf80000)
 Metaspace       used 34167K, capacity 35322K, committed 35416K, reserved 1079296K
  class space    used 4705K, capacity 4953K, committed 4992K, reserved 1048576K
}
Event: 4.030 GC heap before
{Heap before GC invocations=9 (full 2):
 PSYoungGen      total 136192K, used 124928K [0x000000076c600000, 0x0000000777e80000, 0x00000007c0000000)
  eden space 124928K, 100% used [0x000000076c600000,0x0000000774000000,0x0000000774000000)
  from space 11264K, 0% used [0x0000000777380000,0x0000000777380000,0x0000000777e80000)
  to   space 10752K, 0% used [0x0000000774000000,0x0000000774000000,0x0000000774a80000)
 ParOldGen       total 95744K, used 15588K [0x00000006c5200000, 0x00000006caf80000, 0x000000076c600000)
  object space 95744K, 16% used [0x00000006c5200000,0x00000006c6139160,0x00000006caf80000)
 Metaspace       used 38937K, capacity 40544K, committed 40664K, reserved 1085440K
  class space    used 5334K, capacity 5630K, committed 5632K, reserved 1048576K
Event: 4.038 GC heap after
Heap after GC invocations=9 (full 2):
 PSYoungGen      total 135680K, used 9811K [0x000000076c600000, 0x0000000777e80000, 0x00000007c0000000)
  eden space 124928K, 0% used [0x000000076c600000,0x000000076c600000,0x0000000774000000)
  from space 10752K, 91% used [0x0000000774000000,0x0000000774994db8,0x0000000774a80000)
  to   space 11264K, 0% used [0x0000000777380000,0x0000000777380000,0x0000000777e80000)
 ParOldGen       total 95744K, used 15596K [0x00000006c5200000, 0x00000006caf80000, 0x000000076c600000)
  object space 95744K, 16% used [0x00000006c5200000,0x00000006c613b160,0x00000006caf80000)
 Metaspace       used 38937K, capacity 40544K, committed 40664K, reserved 1085440K
  class space    used 5334K, capacity 5630K, committed 5632K, reserved 1048576K
}

